{
	"mount_config": {
		"mounts": [
			{
				"type": "bind",
				"source": "/var/lib/docker/init/dockerinit-1.1.1",
				"destination": "/.dockerinit",
				"private": true
			},
			{
				"type": "bind",
				"source": "/etc/resolv.conf",
				"destination": "/etc/resolv.conf",
				"private": true
			},
			{
				"type": "bind",
				"source": "/var/lib/docker/containers/4caad5492898f1a4230353de15e2acfc05809c69d05ec7289c6a14ef6d57b195/hostname",
				"destination": "/etc/hostname",
				"private": true
			},
			{
				"type": "bind",
				"source": "/var/lib/docker/containers/4caad5492898f1a4230353de15e2acfc05809c69d05ec7289c6a14ef6d57b195/hosts",
				"destination": "/etc/hosts",
				"private": true
			},
			{
				"type": "bind",
				"source": "/var/lib/docker/containers/4caad5492898f1a4230353de15e2acfc05809c69d05ec7289c6a14ef6d57b195/run",
				"destination": "/run",
				"writable": true,
				"private": true
			},
			{
				"type": "bind",
				"source": "/var/lib/docker/containers/4caad5492898f1a4230353de15e2acfc05809c69d05ec7289c6a14ef6d57b195/secrets",
				"destination": "/run/secrets",
				"writable": true,
				"private": true
			},
			{
				"type": "bind",
				"source": "/run",
				"destination": "/var/run",
				"writable": true
			},
			{
				"type": "bind",
				"source": "/sys/fs/cgroup",
				"destination": "/sys/fs/cgroup"
			},
			{
				"type": "bind",
				"source": "/var/lib/docker",
				"destination": "/var/lib/docker"
			}
		],
		"device_nodes": [
			{
				"type": 99,
				"path": "/dev/fuse",
				"major_number": 10,
				"minor_number": 229,
				"cgroup_permissions": "rwm"
			},
			{
				"type": 99,
				"path": "/dev/null",
				"major_number": 1,
				"minor_number": 3,
				"cgroup_permissions": "rwm",
				"file_mode": 438
			},
			{
				"type": 99,
				"path": "/dev/zero",
				"major_number": 1,
				"minor_number": 5,
				"cgroup_permissions": "rwm",
				"file_mode": 438
			},
			{
				"type": 99,
				"path": "/dev/full",
				"major_number": 1,
				"minor_number": 7,
				"cgroup_permissions": "rwm",
				"file_mode": 438
			},
			{
				"type": 99,
				"path": "/dev/tty",
				"major_number": 5,
				"cgroup_permissions": "rwm",
				"file_mode": 438
			},
			{
				"type": 99,
				"path": "/dev/urandom",
				"major_number": 1,
				"minor_number": 9,
				"cgroup_permissions": "rwm",
				"file_mode": 438
			},
			{
				"type": 99,
				"path": "/dev/random",
				"major_number": 1,
				"minor_number": 8,
				"cgroup_permissions": "rwm",
				"file_mode": 438
			}
		],
		"mount_label": "system_u:object_r:svirt_sandbox_file_t:s0:c631,c744"
	},
	"hostname": "4caad5492898",
	"environment": [
		"HOME=/",
		"PATH=/usr/local/sbin:/usr/local/bin:/usr/sbin:/usr/bin:/sbin:/bin:/goroot/bin:/gopath/bin",
		"HOSTNAME=4caad5492898",
		"DEBIAN_FRONTEND=noninteractive",
		"GOROOT=/goroot",
		"GOPATH=/gopath"
	],
	"namespaces": {
		"NEWIPC": true,
		"NEWNET": true,
		"NEWNS": true,
		"NEWPID": true,
		"NEWUTS": true
	},
	"capabilities": [
		"CHOWN",
		"DAC_OVERRIDE",
		"FOWNER",
		"MKNOD",
		"NET_RAW",
		"SETGID",
		"SETUID",
		"SETFCAP",
		"SETPCAP",
		"NET_BIND_SERVICE",
		"SYS_CHROOT",
		"KILL"
	],
	"networks": [
		{
			"type": "loopback",
			"address": "127.0.0.1/0",
			"gateway": "localhost",
			"mtu": 1500
		},
		{
			"type": "veth",
			"bridge": "docker0",
			"veth_prefix": "veth",
			"address": "172.17.0.6/16",
			"gateway": "172.17.42.1",
			"mtu": 1500
		}
	],
	"cgroups": {
		"name": "4caad5492898f1a4230353de15e2acfc05809c69d05ec7289c6a14ef6d57b195",
		"parent": "docker",
		"allowed_devices": [
			{
				"type": 99,
				"major_number": -1,
				"minor_number": -1,
				"cgroup_permissions": "m"
			},
			{
				"type": 98,
				"major_number": -1,
				"minor_number": -1,
				"cgroup_permissions": "m"
			},
			{
				"type": 99,
				"path": "/dev/console",
				"major_number": 5,
				"minor_number": 1,
				"cgroup_permissions": "rwm"
			},
			{
				"type": 99,
				"path": "/dev/tty0",
				"major_number": 4,
				"cgroup_permissions": "rwm"
			},
			{
				"type": 99,
				"path": "/dev/tty1",
				"major_number": 4,
				"minor_number": 1,
				"cgroup_permissions": "rwm"
			},
			{
				"type": 99,
				"major_number": 136,
				"minor_number": -1,
				"cgroup_permissions": "rwm"
			},
			{
				"type": 99,
				"major_number": 5,
				"minor_number": 2,
				"cgroup_permissions": "rwm"
			},
			{
				"type": 99,
				"major_number": 10,
				"minor_number": 200,
				"cgroup_permissions": "rwm"
			},
			{
				"type": 99,
				"path": "/dev/null",
				"major_number": 1,
				"minor_number": 3,
				"cgroup_permissions": "rwm",
				"file_mode": 438
			},
			{
				"type": 99,
				"path": "/dev/zero",
				"major_number": 1,
				"minor_number": 5,
				"cgroup_permissions": "rwm",
				"file_mode": 438
			},
			{
				"type": 99,
				"path": "/dev/full",
				"major_number": 1,
				"minor_number": 7,
				"cgroup_permissions": "rwm",
				"file_mode": 438
			},
			{
				"type": 99,
				"path": "/dev/tty",
				"major_number": 5,
				"cgroup_permissions": "rwm",
				"file_mode": 438
			},
			{
				"type": 99,
				"path": "/dev/urandom",
				"major_number": 1,
				"minor_number": 9,
				"cgroup_permissions": "rwm",
				"file_mode": 438
			},
			{
				"type": 99,
				"path": "/dev/random",
				"major_number": 1,
				"minor_number": 8,
				"cgroup_permissions": "rwm",
				"file_mode": 438
			}
		]
	},
	"process_label": "system_u:system_r:svirt_lxc_net_t:s0:c631,c744",
	"restrict_sys": true
}